<?xml version="1.0" encoding="UTF-8" ?>
<testsuite tests="1" failures="0" name="com.paranora.AppTest" time="0.004" errors="0" skipped="0">
  <properties>
    <property name="java.runtime.name" value="Java(TM) SE Runtime Environment"/>
    <property name="sun.boot.library.path" value="D:\MyZone\ProgrameUsing\Java\Jdk\Jdk-8u66\jre\bin"/>
    <property name="java.vm.version" value="25.66-b18"/>
    <property name="java.vm.vendor" value="Oracle Corporation"/>
    <property name="maven.multiModuleProjectDirectory" value="D:/MyZone/Data/Develop/IDE/IDEA/Projects/ElasticSearch-Lab/ElasticSearchExample"/>
    <property name="java.vendor.url" value="http://java.oracle.com/"/>
    <property name="path.separator" value=";"/>
    <property name="guice.disable.misplaced.annotation.check" value="true"/>
    <property name="java.vm.name" value="Java HotSpot(TM) 64-Bit Server VM"/>
    <property name="file.encoding.pkg" value="sun.io"/>
    <property name="user.script" value=""/>
    <property name="user.country" value="CN"/>
    <property name="sun.java.launcher" value="SUN_STANDARD"/>
    <property name="sun.os.patch.level" value=""/>
    <property name="java.vm.specification.name" value="Java Virtual Machine Specification"/>
    <property name="user.dir" value="D:\MyZone\Data\Develop\IDE\IDEA\Projects\ElasticSearch-Lab\ElasticSearchExample"/>
    <property name="java.runtime.version" value="1.8.0_66-b18"/>
    <property name="java.awt.graphicsenv" value="sun.awt.Win32GraphicsEnvironment"/>
    <property name="java.endorsed.dirs" value="D:\MyZone\ProgrameUsing\Java\Jdk\Jdk-8u66\jre\lib\endorsed"/>
    <property name="os.arch" value="amd64"/>
    <property name="java.io.tmpdir" value="D:\Users\yangqun\AppData\Local\Temp\"/>
    <property name="line.separator" value="
"/>
    <property name="java.vm.specification.vendor" value="Oracle Corporation"/>
    <property name="user.variant" value=""/>
    <property name="os.name" value="Windows 10"/>
    <property name="classworlds.conf" value="D:/MyZone/ProgrameUsing/Apache/Maven/apache-maven-3.3.9/bin/m2.conf"/>
    <property name="sun.jnu.encoding" value="GBK"/>
    <property name="java.library.path" value="D:\MyZone\ProgrameUsing\Java\Jdk\Jdk-8u66\bin;C:\WINDOWS\Sun\Java\bin;C:\WINDOWS\system32;C:\WINDOWS;D:\Users\yangqun\bin;C:\Program Files\Git\mingw64\bin;C:\Program Files\Git\usr\local\bin;C:\Program Files\Git\usr\bin;C:\Program Files\Git\usr\bin;C:\Program Files\Git\mingw64\bin;C:\Program Files\Git\usr\bin;D:\Users\yangqun\bin;C:\ProgramData\Oracle\Java\javapath;C:\Program Files (x86)\Intel\iCLS Client;C:\Program Files\Intel\iCLS Client;C:\WINDOWS\system32;C:\WINDOWS;C:\WINDOWS\System32\Wbem;C:\WINDOWS\System32\WindowsPowerShell\v1.0;C:\Program Files\Intel\WiFi\bin;C:\Program Files\Common Files\Intel\WirelessCommon;C:\Program Files (x86)\Intel\Intel(R) Management Engine Components\DAL;C:\Program Files\Intel\Intel(R) Management Engine Components\DAL;C:\Program Files (x86)\Intel\Intel(R) Management Engine Components\IPT;C:\Program Files\Intel\Intel(R) Management Engine Components\IPT;C:\Program Files\Microsoft SQL Server\120\DTS\Binn;C:\Program Files\Microsoft SQL Server\Client SDK\ODBC\110\Tools\Binn;C:\Program Files (x86)\Microsoft SQL Server\120\Tools\Binn;C:\Program Files\Microsoft SQL Server\120\Tools\Binn;C:\Program Files (x86)\Microsoft SQL Server\120\Tools\Binn\ManagementStudio;C:\Program Files (x86)\Microsoft SQL Server\120\DTS\Binn;%USERPROFILE%\.dnx\bin;C:\Program Files\Microsoft DNX\Dnvm;C:\Program Files (x86)\Windows Kits\8.1\Windows Performance Toolkit;D:\MyZone\ProgrameUsing\Java\Jdk\Jdk-8u66\bin;D:\MyZone\ProgrameUsing\Java\Jdk\Jdk-8u66\jre\bin;C:\Program Files\Microsoft\Web Platform Installer;D:\MyZone\ProgrameUsing\Apache\Maven\apache-maven-3.3.9\bin;D:\MyZone\ProgrameUsing\Gradle\gradle-2.14.1\bin;D:\MyZone\ProgrameUsing\Groovy\groovy-2.4.7\bin;D:\MyZone\ProgrameUsing\Apache\Maven\apache-maven-3.3.9\bin;D:\MyZone\ProgrameUsing\CURL\curl-7.50.1\i386;D:\Users\yangqun\Documents\Visual Studio 2015\Projects\Paranora.Lab\JsonFormatter.ConsoleApplication\bin\debug;D:\Users\yangqun\.dnx\bin;C:\Program Files (x86)\Microsoft VS Code\bin;D:\Users\yangqun\AppData\Local\Microsoft\WindowsApps;C:\Program Files\Git\usr\bin\vendor_perl;C:\Program Files\Git\usr\bin\core_perl;."/>
    <property name="java.specification.name" value="Java Platform API Specification"/>
    <property name="java.class.version" value="52.0"/>
    <property name="sun.management.compiler" value="HotSpot 64-Bit Tiered Compilers"/>
    <property name="os.version" value="10.0"/>
    <property name="user.home" value="d:\Users\yangqun"/>
    <property name="user.timezone" value="Asia/Shanghai"/>
    <property name="java.awt.printerjob" value="sun.awt.windows.WPrinterJob"/>
    <property name="java.specification.version" value="1.8"/>
    <property name="file.encoding" value="GBK"/>
    <property name="user.name" value="yangqun"/>
    <property name="java.class.path" value="D:/MyZone/ProgrameUsing/Apache/Maven/apache-maven-3.3.9/boot/plexus-classworlds-2.5.2.jar"/>
    <property name="org.slf4j.simpleLogger.defaultLogLevel" value="debug"/>
    <property name="java.vm.specification.version" value="1.8"/>
    <property name="sun.arch.data.model" value="64"/>
    <property name="java.home" value="D:\MyZone\ProgrameUsing\Java\Jdk\Jdk-8u66\jre"/>
    <property name="sun.java.command" value="org.codehaus.plexus.classworlds.launcher.Launcher clean install -U -X"/>
    <property name="java.specification.vendor" value="Oracle Corporation"/>
    <property name="user.language" value="zh"/>
    <property name="awt.toolkit" value="sun.awt.windows.WToolkit"/>
    <property name="java.vm.info" value="mixed mode"/>
    <property name="java.version" value="1.8.0_66"/>
    <property name="java.ext.dirs" value="D:\MyZone\ProgrameUsing\Java\Jdk\Jdk-8u66\jre\lib\ext;C:\WINDOWS\Sun\Java\lib\ext"/>
    <property name="sun.boot.class.path" value="D:\MyZone\ProgrameUsing\Java\Jdk\Jdk-8u66\jre\lib\resources.jar;D:\MyZone\ProgrameUsing\Java\Jdk\Jdk-8u66\jre\lib\rt.jar;D:\MyZone\ProgrameUsing\Java\Jdk\Jdk-8u66\jre\lib\sunrsasign.jar;D:\MyZone\ProgrameUsing\Java\Jdk\Jdk-8u66\jre\lib\jsse.jar;D:\MyZone\ProgrameUsing\Java\Jdk\Jdk-8u66\jre\lib\jce.jar;D:\MyZone\ProgrameUsing\Java\Jdk\Jdk-8u66\jre\lib\charsets.jar;D:\MyZone\ProgrameUsing\Java\Jdk\Jdk-8u66\jre\lib\jfr.jar;D:\MyZone\ProgrameUsing\Java\Jdk\Jdk-8u66\jre\classes"/>
    <property name="java.vendor" value="Oracle Corporation"/>
    <property name="maven.home" value="D:\MyZone\ProgrameUsing\Apache\Maven\apache-maven-3.3.9"/>
    <property name="file.separator" value="\"/>
    <property name="java.vendor.url.bug" value="http://bugreport.sun.com/bugreport/"/>
    <property name="sun.cpu.endian" value="little"/>
    <property name="sun.io.unicode.encoding" value="UnicodeLittle"/>
    <property name="sun.desktop" value="windows"/>
    <property name="sun.cpu.isalist" value="amd64"/>
  </properties>
  <testcase classname="com.paranora.AppTest" name="testApp" time="0.004"/>
</testsuite>